2024-04-14T11:26:47.925+02:00  INFO 26724 --- [main] c.m.t.T.ITimeSheetImplTest               : Starting ITimeSheetImplTest using Java 17.0.10 with PID 26724 (started by rajcs in C:\Users\rajcs\Documents\workspace-spring-tool-suite-4-4.22.0.RELEASE\TimeAppService)
2024-04-14T11:26:47.935+02:00  INFO 26724 --- [main] c.m.t.T.ITimeSheetImplTest               : No active profile set, falling back to 1 default profile: "default"
2024-04-14T11:26:48.890+02:00  INFO 26724 --- [main] .s.d.r.c.RepositoryConfigurationDelegate : Bootstrapping Spring Data JPA repositories in DEFAULT mode.
2024-04-14T11:26:48.944+02:00  INFO 26724 --- [main] .s.d.r.c.RepositoryConfigurationDelegate : Finished Spring Data repository scanning in 45 ms. Found 1 JPA repository interfaces.
2024-04-14T11:26:49.720+02:00  INFO 26724 --- [main] o.hibernate.jpa.internal.util.LogHelper  : HHH000204: Processing PersistenceUnitInfo [name: default]
2024-04-14T11:26:49.843+02:00  INFO 26724 --- [main] org.hibernate.Version                    : HHH000412: Hibernate ORM core version 6.1.5.Final
2024-04-14T11:26:50.057+02:00  WARN 26724 --- [main] org.hibernate.orm.deprecation            : HHH90000021: Encountered deprecated setting [javax.persistence.sharedCache.mode], use [jakarta.persistence.sharedCache.mode] instead
2024-04-14T11:26:50.253+02:00  INFO 26724 --- [main] com.zaxxer.hikari.HikariDataSource       : HikariPool-1 - Starting...
2024-04-14T11:26:50.447+02:00  INFO 26724 --- [main] com.zaxxer.hikari.pool.HikariPool        : HikariPool-1 - Added connection com.mysql.cj.jdbc.ConnectionImpl@3386ed8
2024-04-14T11:26:50.449+02:00  INFO 26724 --- [main] com.zaxxer.hikari.HikariDataSource       : HikariPool-1 - Start completed.
2024-04-14T11:26:50.464+02:00  INFO 26724 --- [main] SQL dialect                              : HHH000400: Using dialect: org.hibernate.dialect.MySQL8Dialect
2024-04-14T11:26:50.465+02:00  WARN 26724 --- [main] org.hibernate.orm.deprecation            : HHH90000026: MySQL8Dialect has been deprecated; use org.hibernate.dialect.MySQLDialect instead
2024-04-14T11:26:51.152+02:00  INFO 26724 --- [main] o.h.e.t.j.p.i.JtaPlatformInitiator       : HHH000490: Using JtaPlatform implementation: [org.hibernate.engine.transaction.jta.platform.internal.NoJtaPlatform]
2024-04-14T11:26:51.164+02:00  INFO 26724 --- [main] j.LocalContainerEntityManagerFactoryBean : Initialized JPA EntityManagerFactory for persistence unit 'default'
2024-04-14T11:26:52.036+02:00  WARN 26724 --- [main] JpaBaseConfiguration$JpaWebConfiguration : spring.jpa.open-in-view is enabled by default. Therefore, database queries may be performed during view rendering. Explicitly configure spring.jpa.open-in-view to disable this warning
2024-04-14T11:26:52.327+02:00  INFO 26724 --- [main] o.s.s.web.DefaultSecurityFilterChain     : Will secure any request with [org.springframework.security.web.session.DisableEncodeUrlFilter@2ef3efcc, org.springframework.security.web.context.request.async.WebAsyncManagerIntegrationFilter@60655642, org.springframework.security.web.context.SecurityContextHolderFilter@36e9794c, org.springframework.security.web.header.HeaderWriterFilter@cbea0df, org.springframework.security.web.csrf.CsrfFilter@5fa3df, org.springframework.security.web.authentication.logout.LogoutFilter@3d8512e9, org.springframework.security.oauth2.server.resource.web.authentication.BearerTokenAuthenticationFilter@640028f2, org.springframework.security.web.savedrequest.RequestCacheAwareFilter@1237aa73, org.springframework.security.web.servletapi.SecurityContextHolderAwareRequestFilter@1dbb9a4a, org.springframework.security.web.authentication.AnonymousAuthenticationFilter@5c7b504, org.springframework.security.web.session.SessionManagementFilter@4131f6db, org.springframework.security.web.access.ExceptionTranslationFilter@7164e54, org.springframework.security.web.access.intercept.AuthorizationFilter@349686e8]
2024-04-14T11:26:53.314+02:00  INFO 26724 --- [main] c.m.t.T.ITimeSheetImplTest               : Started ITimeSheetImplTest in 5.81 seconds (process running for 6.79)
2024-04-14T11:26:53.786+02:00  INFO 26724 --- [SpringApplicationShutdownHook] j.LocalContainerEntityManagerFactoryBean : Closing JPA EntityManagerFactory for persistence unit 'default'
2024-04-14T11:26:53.789+02:00  INFO 26724 --- [SpringApplicationShutdownHook] com.zaxxer.hikari.HikariDataSource       : HikariPool-1 - Shutdown initiated...
2024-04-14T11:26:53.800+02:00  INFO 26724 --- [SpringApplicationShutdownHook] com.zaxxer.hikari.HikariDataSource       : HikariPool-1 - Shutdown completed.
2024-04-14T11:53:40.683+02:00  INFO 12356 --- [main] c.m.t.T.ITimeSheetImplTest               : Starting ITimeSheetImplTest using Java 17.0.10 with PID 12356 (started by rajcs in C:\Users\rajcs\Documents\workspace-spring-tool-suite-4-4.22.0.RELEASE\TimeAppService)
2024-04-14T11:53:40.683+02:00  INFO 12356 --- [main] c.m.t.T.ITimeSheetImplTest               : No active profile set, falling back to 1 default profile: "default"
2024-04-14T11:53:41.596+02:00  INFO 12356 --- [main] .s.d.r.c.RepositoryConfigurationDelegate : Bootstrapping Spring Data JPA repositories in DEFAULT mode.
2024-04-14T11:53:41.676+02:00  INFO 12356 --- [main] .s.d.r.c.RepositoryConfigurationDelegate : Finished Spring Data repository scanning in 71 ms. Found 1 JPA repository interfaces.
2024-04-14T11:53:42.494+02:00  INFO 12356 --- [main] o.hibernate.jpa.internal.util.LogHelper  : HHH000204: Processing PersistenceUnitInfo [name: default]
2024-04-14T11:53:42.571+02:00  INFO 12356 --- [main] org.hibernate.Version                    : HHH000412: Hibernate ORM core version 6.1.5.Final
2024-04-14T11:53:42.775+02:00  WARN 12356 --- [main] org.hibernate.orm.deprecation            : HHH90000021: Encountered deprecated setting [javax.persistence.sharedCache.mode], use [jakarta.persistence.sharedCache.mode] instead
2024-04-14T11:53:42.947+02:00  INFO 12356 --- [main] com.zaxxer.hikari.HikariDataSource       : HikariPool-1 - Starting...
2024-04-14T11:53:43.151+02:00  INFO 12356 --- [main] com.zaxxer.hikari.pool.HikariPool        : HikariPool-1 - Added connection com.mysql.cj.jdbc.ConnectionImpl@349f3ff7
2024-04-14T11:53:43.167+02:00  INFO 12356 --- [main] com.zaxxer.hikari.HikariDataSource       : HikariPool-1 - Start completed.
2024-04-14T11:53:43.183+02:00  INFO 12356 --- [main] SQL dialect                              : HHH000400: Using dialect: org.hibernate.dialect.MySQL8Dialect
2024-04-14T11:53:43.183+02:00  WARN 12356 --- [main] org.hibernate.orm.deprecation            : HHH90000026: MySQL8Dialect has been deprecated; use org.hibernate.dialect.MySQLDialect instead
2024-04-14T11:53:43.909+02:00  INFO 12356 --- [main] o.h.e.t.j.p.i.JtaPlatformInitiator       : HHH000490: Using JtaPlatform implementation: [org.hibernate.engine.transaction.jta.platform.internal.NoJtaPlatform]
2024-04-14T11:53:43.922+02:00  INFO 12356 --- [main] j.LocalContainerEntityManagerFactoryBean : Initialized JPA EntityManagerFactory for persistence unit 'default'
2024-04-14T11:53:44.774+02:00  WARN 12356 --- [main] JpaBaseConfiguration$JpaWebConfiguration : spring.jpa.open-in-view is enabled by default. Therefore, database queries may be performed during view rendering. Explicitly configure spring.jpa.open-in-view to disable this warning
2024-04-14T11:53:45.042+02:00  INFO 12356 --- [main] o.s.s.web.DefaultSecurityFilterChain     : Will secure any request with [org.springframework.security.web.session.DisableEncodeUrlFilter@492a220e, org.springframework.security.web.context.request.async.WebAsyncManagerIntegrationFilter@5f5fb335, org.springframework.security.web.context.SecurityContextHolderFilter@6fb2b972, org.springframework.security.web.header.HeaderWriterFilter@40f931ec, org.springframework.security.web.csrf.CsrfFilter@63ff861e, org.springframework.security.web.authentication.logout.LogoutFilter@6a827b0c, org.springframework.security.oauth2.server.resource.web.authentication.BearerTokenAuthenticationFilter@701bd6e8, org.springframework.security.web.savedrequest.RequestCacheAwareFilter@44f88149, org.springframework.security.web.servletapi.SecurityContextHolderAwareRequestFilter@3b1a3125, org.springframework.security.web.authentication.AnonymousAuthenticationFilter@715d82a0, org.springframework.security.web.session.SessionManagementFilter@2c28654e, org.springframework.security.web.access.ExceptionTranslationFilter@452d6fd, org.springframework.security.web.access.intercept.AuthorizationFilter@6a9a6a0c]
2024-04-14T11:53:46.014+02:00  INFO 12356 --- [main] c.m.t.T.ITimeSheetImplTest               : Started ITimeSheetImplTest in 5.725 seconds (process running for 6.935)
2024-04-14T11:53:46.516+02:00  INFO 12356 --- [SpringApplicationShutdownHook] j.LocalContainerEntityManagerFactoryBean : Closing JPA EntityManagerFactory for persistence unit 'default'
2024-04-14T11:53:46.516+02:00  INFO 12356 --- [SpringApplicationShutdownHook] com.zaxxer.hikari.HikariDataSource       : HikariPool-1 - Shutdown initiated...
2024-04-14T11:53:46.531+02:00  INFO 12356 --- [SpringApplicationShutdownHook] com.zaxxer.hikari.HikariDataSource       : HikariPool-1 - Shutdown completed.
2024-04-14T12:28:53.838+02:00  INFO 8752 --- [main] c.m.t.T.ITimeSheetImplTest               : Starting ITimeSheetImplTest using Java 17.0.10 with PID 8752 (started by rajcs in C:\Users\rajcs\Documents\workspace-spring-tool-suite-4-4.22.0.RELEASE\TimeAppService)
2024-04-14T12:28:53.838+02:00  INFO 8752 --- [main] c.m.t.T.ITimeSheetImplTest               : No active profile set, falling back to 1 default profile: "default"
2024-04-14T12:28:54.723+02:00  INFO 8752 --- [main] .s.d.r.c.RepositoryConfigurationDelegate : Bootstrapping Spring Data JPA repositories in DEFAULT mode.
2024-04-14T12:28:54.786+02:00  INFO 8752 --- [main] .s.d.r.c.RepositoryConfigurationDelegate : Finished Spring Data repository scanning in 53 ms. Found 1 JPA repository interfaces.
2024-04-14T12:28:55.523+02:00  INFO 8752 --- [main] o.hibernate.jpa.internal.util.LogHelper  : HHH000204: Processing PersistenceUnitInfo [name: default]
2024-04-14T12:28:55.602+02:00  INFO 8752 --- [main] org.hibernate.Version                    : HHH000412: Hibernate ORM core version 6.1.5.Final
2024-04-14T12:28:55.853+02:00  WARN 8752 --- [main] org.hibernate.orm.deprecation            : HHH90000021: Encountered deprecated setting [javax.persistence.sharedCache.mode], use [jakarta.persistence.sharedCache.mode] instead
2024-04-14T12:28:56.042+02:00  INFO 8752 --- [main] com.zaxxer.hikari.HikariDataSource       : HikariPool-1 - Starting...
2024-04-14T12:28:56.214+02:00  INFO 8752 --- [main] com.zaxxer.hikari.pool.HikariPool        : HikariPool-1 - Added connection com.mysql.cj.jdbc.ConnectionImpl@54daf8f9
2024-04-14T12:28:56.230+02:00  INFO 8752 --- [main] com.zaxxer.hikari.HikariDataSource       : HikariPool-1 - Start completed.
2024-04-14T12:28:56.240+02:00  INFO 8752 --- [main] SQL dialect                              : HHH000400: Using dialect: org.hibernate.dialect.MySQL8Dialect
2024-04-14T12:28:56.246+02:00  WARN 8752 --- [main] org.hibernate.orm.deprecation            : HHH90000026: MySQL8Dialect has been deprecated; use org.hibernate.dialect.MySQLDialect instead
2024-04-14T12:28:56.892+02:00  INFO 8752 --- [main] o.h.e.t.j.p.i.JtaPlatformInitiator       : HHH000490: Using JtaPlatform implementation: [org.hibernate.engine.transaction.jta.platform.internal.NoJtaPlatform]
2024-04-14T12:28:56.913+02:00  INFO 8752 --- [main] j.LocalContainerEntityManagerFactoryBean : Initialized JPA EntityManagerFactory for persistence unit 'default'
2024-04-14T12:28:57.694+02:00  WARN 8752 --- [main] JpaBaseConfiguration$JpaWebConfiguration : spring.jpa.open-in-view is enabled by default. Therefore, database queries may be performed during view rendering. Explicitly configure spring.jpa.open-in-view to disable this warning
2024-04-14T12:28:58.008+02:00  INFO 8752 --- [main] o.s.s.web.DefaultSecurityFilterChain     : Will secure any request with [org.springframework.security.web.session.DisableEncodeUrlFilter@615b1baf, org.springframework.security.web.context.request.async.WebAsyncManagerIntegrationFilter@48cc060d, org.springframework.security.web.context.SecurityContextHolderFilter@18c432ed, org.springframework.security.web.header.HeaderWriterFilter@4199761d, org.springframework.security.web.csrf.CsrfFilter@51d6c42d, org.springframework.security.web.authentication.logout.LogoutFilter@701bd6e8, org.springframework.security.oauth2.server.resource.web.authentication.BearerTokenAuthenticationFilter@70ebaa1e, org.springframework.security.web.savedrequest.RequestCacheAwareFilter@3fae357f, org.springframework.security.web.servletapi.SecurityContextHolderAwareRequestFilter@50bc0bbd, org.springframework.security.web.authentication.AnonymousAuthenticationFilter@65dafe50, org.springframework.security.web.session.SessionManagementFilter@c22cf4d, org.springframework.security.web.access.ExceptionTranslationFilter@5fa3df, org.springframework.security.web.access.intercept.AuthorizationFilter@13da6bc9]
2024-04-14T12:28:58.956+02:00  INFO 8752 --- [main] c.m.t.T.ITimeSheetImplTest               : Started ITimeSheetImplTest in 5.436 seconds (process running for 6.353)
2024-04-14T12:28:59.427+02:00  INFO 8752 --- [SpringApplicationShutdownHook] j.LocalContainerEntityManagerFactoryBean : Closing JPA EntityManagerFactory for persistence unit 'default'
2024-04-14T12:28:59.427+02:00  INFO 8752 --- [SpringApplicationShutdownHook] com.zaxxer.hikari.HikariDataSource       : HikariPool-1 - Shutdown initiated...
2024-04-14T12:28:59.442+02:00  INFO 8752 --- [SpringApplicationShutdownHook] com.zaxxer.hikari.HikariDataSource       : HikariPool-1 - Shutdown completed.
2024-04-14T12:44:25.453+02:00  INFO 26016 --- [main] c.m.timesheet.TimeAppServiceApplication  : Starting TimeAppServiceApplication using Java 17.0.10 with PID 26016 (C:\Users\rajcs\Documents\workspace-spring-tool-suite-4-4.22.0.RELEASE\TimeAppService\target\classes started by rajcs in C:\Users\rajcs\Documents\workspace-spring-tool-suite-4-4.22.0.RELEASE\TimeAppService)
2024-04-14T12:44:25.457+02:00  INFO 26016 --- [main] c.m.timesheet.TimeAppServiceApplication  : No active profile set, falling back to 1 default profile: "default"
2024-04-14T12:44:26.618+02:00  INFO 26016 --- [main] .s.d.r.c.RepositoryConfigurationDelegate : Bootstrapping Spring Data JPA repositories in DEFAULT mode.
2024-04-14T12:44:26.674+02:00  INFO 26016 --- [main] .s.d.r.c.RepositoryConfigurationDelegate : Finished Spring Data repository scanning in 48 ms. Found 1 JPA repository interfaces.
2024-04-14T12:44:27.666+02:00  INFO 26016 --- [main] o.s.b.w.embedded.tomcat.TomcatWebServer  : Tomcat initialized with port(s): 7777 (http)
2024-04-14T12:44:27.687+02:00  INFO 26016 --- [main] o.apache.catalina.core.StandardService   : Starting service [Tomcat]
2024-04-14T12:44:27.688+02:00  INFO 26016 --- [main] o.apache.catalina.core.StandardEngine    : Starting Servlet engine: [Apache Tomcat/10.1.1]
2024-04-14T12:44:27.947+02:00  INFO 26016 --- [main] o.a.c.c.C.[Tomcat].[localhost].[/]       : Initializing Spring embedded WebApplicationContext
2024-04-14T12:44:27.947+02:00  INFO 26016 --- [main] w.s.c.ServletWebServerApplicationContext : Root WebApplicationContext: initialization completed in 2416 ms
2024-04-14T12:44:28.174+02:00  INFO 26016 --- [main] o.hibernate.jpa.internal.util.LogHelper  : HHH000204: Processing PersistenceUnitInfo [name: default]
2024-04-14T12:44:28.236+02:00  INFO 26016 --- [main] org.hibernate.Version                    : HHH000412: Hibernate ORM core version 6.1.5.Final
2024-04-14T12:44:28.426+02:00  WARN 26016 --- [main] org.hibernate.orm.deprecation            : HHH90000021: Encountered deprecated setting [javax.persistence.sharedCache.mode], use [jakarta.persistence.sharedCache.mode] instead
2024-04-14T12:44:28.589+02:00  INFO 26016 --- [main] com.zaxxer.hikari.HikariDataSource       : HikariPool-1 - Starting...
2024-04-14T12:44:28.757+02:00  INFO 26016 --- [main] com.zaxxer.hikari.pool.HikariPool        : HikariPool-1 - Added connection com.mysql.cj.jdbc.ConnectionImpl@5788722f
2024-04-14T12:44:28.759+02:00  INFO 26016 --- [main] com.zaxxer.hikari.HikariDataSource       : HikariPool-1 - Start completed.
2024-04-14T12:44:28.771+02:00  INFO 26016 --- [main] SQL dialect                              : HHH000400: Using dialect: org.hibernate.dialect.MySQL8Dialect
2024-04-14T12:44:28.771+02:00  WARN 26016 --- [main] org.hibernate.orm.deprecation            : HHH90000026: MySQL8Dialect has been deprecated; use org.hibernate.dialect.MySQLDialect instead
2024-04-14T12:44:29.444+02:00  INFO 26016 --- [main] o.h.e.t.j.p.i.JtaPlatformInitiator       : HHH000490: Using JtaPlatform implementation: [org.hibernate.engine.transaction.jta.platform.internal.NoJtaPlatform]
2024-04-14T12:44:29.450+02:00  INFO 26016 --- [main] j.LocalContainerEntityManagerFactoryBean : Initialized JPA EntityManagerFactory for persistence unit 'default'
2024-04-14T12:44:30.193+02:00  WARN 26016 --- [main] JpaBaseConfiguration$JpaWebConfiguration : spring.jpa.open-in-view is enabled by default. Therefore, database queries may be performed during view rendering. Explicitly configure spring.jpa.open-in-view to disable this warning
2024-04-14T12:44:30.468+02:00  INFO 26016 --- [main] o.s.s.web.DefaultSecurityFilterChain     : Will secure any request with [org.springframework.security.web.session.DisableEncodeUrlFilter@f69e35a, org.springframework.security.web.context.request.async.WebAsyncManagerIntegrationFilter@6c2d124e, org.springframework.security.web.context.SecurityContextHolderFilter@3f908a10, org.springframework.security.web.header.HeaderWriterFilter@77331437, org.springframework.security.web.csrf.CsrfFilter@32f8a37b, org.springframework.security.web.authentication.logout.LogoutFilter@7a285418, org.springframework.security.oauth2.server.resource.web.authentication.BearerTokenAuthenticationFilter@589a82af, org.springframework.security.web.savedrequest.RequestCacheAwareFilter@73cfafd8, org.springframework.security.web.servletapi.SecurityContextHolderAwareRequestFilter@4b517357, org.springframework.security.web.authentication.AnonymousAuthenticationFilter@602e7a9e, org.springframework.security.web.session.SessionManagementFilter@321302bc, org.springframework.security.web.access.ExceptionTranslationFilter@156d7556, org.springframework.security.web.access.intercept.AuthorizationFilter@57d0c779]
2024-04-14T12:44:31.180+02:00  INFO 26016 --- [main] o.s.b.w.embedded.tomcat.TomcatWebServer  : Tomcat started on port(s): 7777 (http) with context path ''
2024-04-14T12:44:31.189+02:00  INFO 26016 --- [main] c.m.timesheet.TimeAppServiceApplication  : Started TimeAppServiceApplication in 6.193 seconds (process running for 6.75)
2024-04-14T13:00:11.690+02:00  INFO 19868 --- [main] c.m.timesheet.TimeAppServiceApplication  : Starting TimeAppServiceApplication using Java 17.0.10 with PID 19868 (C:\Users\rajcs\Documents\workspace-spring-tool-suite-4-4.22.0.RELEASE\TimeAppService\target\classes started by rajcs in C:\Users\rajcs\Documents\workspace-spring-tool-suite-4-4.22.0.RELEASE\TimeAppService)
2024-04-14T13:00:11.690+02:00  INFO 19868 --- [main] c.m.timesheet.TimeAppServiceApplication  : No active profile set, falling back to 1 default profile: "default"
2024-04-14T13:00:12.724+02:00  INFO 19868 --- [main] .s.d.r.c.RepositoryConfigurationDelegate : Bootstrapping Spring Data JPA repositories in DEFAULT mode.
2024-04-14T13:00:12.818+02:00  INFO 19868 --- [main] .s.d.r.c.RepositoryConfigurationDelegate : Finished Spring Data repository scanning in 69 ms. Found 1 JPA repository interfaces.
2024-04-14T13:00:13.779+02:00  INFO 19868 --- [main] o.s.b.w.embedded.tomcat.TomcatWebServer  : Tomcat initialized with port(s): 7777 (http)
2024-04-14T13:00:13.795+02:00  INFO 19868 --- [main] o.apache.catalina.core.StandardService   : Starting service [Tomcat]
2024-04-14T13:00:13.795+02:00  INFO 19868 --- [main] o.apache.catalina.core.StandardEngine    : Starting Servlet engine: [Apache Tomcat/10.1.1]
2024-04-14T13:00:13.931+02:00  INFO 19868 --- [main] o.a.c.c.C.[Tomcat].[localhost].[/]       : Initializing Spring embedded WebApplicationContext
2024-04-14T13:00:13.932+02:00  INFO 19868 --- [main] w.s.c.ServletWebServerApplicationContext : Root WebApplicationContext: initialization completed in 2173 ms
2024-04-14T13:00:14.156+02:00  INFO 19868 --- [main] o.hibernate.jpa.internal.util.LogHelper  : HHH000204: Processing PersistenceUnitInfo [name: default]
2024-04-14T13:00:14.207+02:00  INFO 19868 --- [main] org.hibernate.Version                    : HHH000412: Hibernate ORM core version 6.1.5.Final
2024-04-14T13:00:14.370+02:00  WARN 19868 --- [main] org.hibernate.orm.deprecation            : HHH90000021: Encountered deprecated setting [javax.persistence.sharedCache.mode], use [jakarta.persistence.sharedCache.mode] instead
2024-04-14T13:00:14.509+02:00  INFO 19868 --- [main] com.zaxxer.hikari.HikariDataSource       : HikariPool-1 - Starting...
2024-04-14T13:00:14.752+02:00  INFO 19868 --- [main] com.zaxxer.hikari.pool.HikariPool        : HikariPool-1 - Added connection com.mysql.cj.jdbc.ConnectionImpl@5788722f
2024-04-14T13:00:14.755+02:00  INFO 19868 --- [main] com.zaxxer.hikari.HikariDataSource       : HikariPool-1 - Start completed.
2024-04-14T13:00:14.768+02:00  INFO 19868 --- [main] SQL dialect                              : HHH000400: Using dialect: org.hibernate.dialect.MySQL8Dialect
2024-04-14T13:00:14.769+02:00  WARN 19868 --- [main] org.hibernate.orm.deprecation            : HHH90000026: MySQL8Dialect has been deprecated; use org.hibernate.dialect.MySQLDialect instead
2024-04-14T13:00:15.619+02:00  INFO 19868 --- [main] o.h.e.t.j.p.i.JtaPlatformInitiator       : HHH000490: Using JtaPlatform implementation: [org.hibernate.engine.transaction.jta.platform.internal.NoJtaPlatform]
2024-04-14T13:00:15.627+02:00  INFO 19868 --- [main] j.LocalContainerEntityManagerFactoryBean : Initialized JPA EntityManagerFactory for persistence unit 'default'
2024-04-14T13:00:16.357+02:00  WARN 19868 --- [main] JpaBaseConfiguration$JpaWebConfiguration : spring.jpa.open-in-view is enabled by default. Therefore, database queries may be performed during view rendering. Explicitly configure spring.jpa.open-in-view to disable this warning
2024-04-14T13:00:16.595+02:00  INFO 19868 --- [main] o.s.s.web.DefaultSecurityFilterChain     : Will secure any request with [org.springframework.security.web.session.DisableEncodeUrlFilter@7e9d171c, org.springframework.security.web.context.request.async.WebAsyncManagerIntegrationFilter@3a1540be, org.springframework.security.web.context.SecurityContextHolderFilter@6202f8bf, org.springframework.security.web.header.HeaderWriterFilter@408bb173, org.springframework.security.web.csrf.CsrfFilter@58c93be3, org.springframework.security.web.authentication.logout.LogoutFilter@2981064d, org.springframework.security.oauth2.server.resource.web.authentication.BearerTokenAuthenticationFilter@19f9287a, org.springframework.security.web.savedrequest.RequestCacheAwareFilter@ab595e8, org.springframework.security.web.servletapi.SecurityContextHolderAwareRequestFilter@170937fe, org.springframework.security.web.authentication.AnonymousAuthenticationFilter@6aff157e, org.springframework.security.web.session.SessionManagementFilter@7da59f6e, org.springframework.security.web.access.ExceptionTranslationFilter@71e2ddd, org.springframework.security.web.access.intercept.AuthorizationFilter@2b826482]
2024-04-14T13:00:17.286+02:00  INFO 19868 --- [main] o.s.b.w.embedded.tomcat.TomcatWebServer  : Tomcat started on port(s): 7777 (http) with context path ''
2024-04-14T13:00:17.300+02:00  INFO 19868 --- [main] c.m.timesheet.TimeAppServiceApplication  : Started TimeAppServiceApplication in 6.062 seconds (process running for 6.494)
2024-04-14T13:00:20.797+02:00  INFO 19868 --- [http-nio-7777-exec-1] o.a.c.c.C.[Tomcat].[localhost].[/]       : Initializing Spring DispatcherServlet 'dispatcherServlet'
2024-04-14T13:00:20.797+02:00  INFO 19868 --- [http-nio-7777-exec-1] o.s.web.servlet.DispatcherServlet        : Initializing Servlet 'dispatcherServlet'
2024-04-14T13:00:20.799+02:00  INFO 19868 --- [http-nio-7777-exec-1] o.s.web.servlet.DispatcherServlet        : Completed initialization in 1 ms
2024-04-14T13:00:21.599+02:00  INFO 19868 --- [http-nio-7777-exec-8] o.springdoc.api.AbstractOpenApiResource  : Init duration for springdoc-openapi is: 479 ms
2024-04-14T16:17:17.139+02:00  WARN 19868 --- [HikariPool-1 housekeeper] com.zaxxer.hikari.pool.HikariPool        : HikariPool-1 - Thread starvation or clock leap detected (housekeeper delta=1m29s17ms155µs800ns).
2024-04-14T20:08:23.998+02:00  INFO 27548 --- [main] c.m.timesheet.TimeAppServiceApplication  : Starting TimeAppServiceApplication using Java 17.0.10 with PID 27548 (C:\Users\rajcs\Documents\workspace-spring-tool-suite-4-4.22.0.RELEASE\TimeAppService\target\classes started by rajcs in C:\Users\rajcs\Documents\workspace-spring-tool-suite-4-4.22.0.RELEASE\TimeAppService)
2024-04-14T20:08:24.000+02:00  INFO 27548 --- [main] c.m.timesheet.TimeAppServiceApplication  : No active profile set, falling back to 1 default profile: "default"
2024-04-14T20:08:24.616+02:00  INFO 27548 --- [main] .s.d.r.c.RepositoryConfigurationDelegate : Bootstrapping Spring Data JPA repositories in DEFAULT mode.
2024-04-14T20:08:24.679+02:00  INFO 27548 --- [main] .s.d.r.c.RepositoryConfigurationDelegate : Finished Spring Data repository scanning in 57 ms. Found 1 JPA repository interfaces.
2024-04-14T20:08:25.301+02:00  INFO 27548 --- [main] o.s.b.w.embedded.tomcat.TomcatWebServer  : Tomcat initialized with port(s): 7777 (http)
2024-04-14T20:08:25.308+02:00  INFO 27548 --- [main] o.apache.catalina.core.StandardService   : Starting service [Tomcat]
2024-04-14T20:08:25.308+02:00  INFO 27548 --- [main] o.apache.catalina.core.StandardEngine    : Starting Servlet engine: [Apache Tomcat/10.1.1]
2024-04-14T20:08:25.387+02:00  INFO 27548 --- [main] o.a.c.c.C.[Tomcat].[localhost].[/]       : Initializing Spring embedded WebApplicationContext
2024-04-14T20:08:25.388+02:00  INFO 27548 --- [main] w.s.c.ServletWebServerApplicationContext : Root WebApplicationContext: initialization completed in 1350 ms
2024-04-14T20:08:25.537+02:00  INFO 27548 --- [main] o.hibernate.jpa.internal.util.LogHelper  : HHH000204: Processing PersistenceUnitInfo [name: default]
2024-04-14T20:08:25.578+02:00  INFO 27548 --- [main] org.hibernate.Version                    : HHH000412: Hibernate ORM core version 6.1.5.Final
2024-04-14T20:08:25.689+02:00  WARN 27548 --- [main] org.hibernate.orm.deprecation            : HHH90000021: Encountered deprecated setting [javax.persistence.sharedCache.mode], use [jakarta.persistence.sharedCache.mode] instead
2024-04-14T20:08:25.772+02:00  INFO 27548 --- [main] com.zaxxer.hikari.HikariDataSource       : HikariPool-1 - Starting...
2024-04-14T20:08:25.874+02:00  INFO 27548 --- [main] com.zaxxer.hikari.pool.HikariPool        : HikariPool-1 - Added connection com.mysql.cj.jdbc.ConnectionImpl@5fe3b058
2024-04-14T20:08:25.876+02:00  INFO 27548 --- [main] com.zaxxer.hikari.HikariDataSource       : HikariPool-1 - Start completed.
2024-04-14T20:08:25.888+02:00  INFO 27548 --- [main] SQL dialect                              : HHH000400: Using dialect: org.hibernate.dialect.MySQL8Dialect
2024-04-14T20:08:25.889+02:00  WARN 27548 --- [main] org.hibernate.orm.deprecation            : HHH90000026: MySQL8Dialect has been deprecated; use org.hibernate.dialect.MySQLDialect instead
2024-04-14T20:08:26.536+02:00  INFO 27548 --- [main] o.h.e.t.j.p.i.JtaPlatformInitiator       : HHH000490: Using JtaPlatform implementation: [org.hibernate.engine.transaction.jta.platform.internal.NoJtaPlatform]
2024-04-14T20:08:26.542+02:00  INFO 27548 --- [main] j.LocalContainerEntityManagerFactoryBean : Initialized JPA EntityManagerFactory for persistence unit 'default'
2024-04-14T20:08:26.981+02:00  WARN 27548 --- [main] JpaBaseConfiguration$JpaWebConfiguration : spring.jpa.open-in-view is enabled by default. Therefore, database queries may be performed during view rendering. Explicitly configure spring.jpa.open-in-view to disable this warning
2024-04-14T20:08:27.137+02:00  INFO 27548 --- [main] o.s.s.web.DefaultSecurityFilterChain     : Will secure any request with [org.springframework.security.web.session.DisableEncodeUrlFilter@339b45f8, org.springframework.security.web.context.request.async.WebAsyncManagerIntegrationFilter@5fb58f15, org.springframework.security.web.context.SecurityContextHolderFilter@22c14d10, org.springframework.security.web.header.HeaderWriterFilter@7f065f9e, org.springframework.security.web.csrf.CsrfFilter@6b6cf3c1, org.springframework.security.web.authentication.logout.LogoutFilter@109f95b1, org.springframework.security.oauth2.server.resource.web.authentication.BearerTokenAuthenticationFilter@5c438795, org.springframework.security.web.savedrequest.RequestCacheAwareFilter@38276668, org.springframework.security.web.servletapi.SecurityContextHolderAwareRequestFilter@e09c7a2, org.springframework.security.web.authentication.AnonymousAuthenticationFilter@1f8ac459, org.springframework.security.web.session.SessionManagementFilter@e594c46, org.springframework.security.web.access.ExceptionTranslationFilter@2719139f, org.springframework.security.web.access.intercept.AuthorizationFilter@1e3689e7]
2024-04-14T20:08:27.676+02:00  INFO 27548 --- [main] o.s.b.w.embedded.tomcat.TomcatWebServer  : Tomcat started on port(s): 7777 (http) with context path ''
2024-04-14T20:08:27.683+02:00  INFO 27548 --- [main] c.m.timesheet.TimeAppServiceApplication  : Started TimeAppServiceApplication in 4.034 seconds (process running for 4.591)
2024-04-14T20:08:35.079+02:00  INFO 27548 --- [RMI TCP Connection(6)-127.0.0.1] inMXBeanRegistrar$SpringApplicationAdmin : Application shutdown requested.
2024-04-14T20:08:35.091+02:00  INFO 27548 --- [RMI TCP Connection(6)-127.0.0.1] o.apache.catalina.core.StandardService   : Stopping service [Tomcat]
2024-04-14T20:08:35.098+02:00  INFO 27548 --- [RMI TCP Connection(6)-127.0.0.1] j.LocalContainerEntityManagerFactoryBean : Closing JPA EntityManagerFactory for persistence unit 'default'
2024-04-14T20:08:35.101+02:00  INFO 27548 --- [RMI TCP Connection(6)-127.0.0.1] com.zaxxer.hikari.HikariDataSource       : HikariPool-1 - Shutdown initiated...
2024-04-14T20:08:35.110+02:00  INFO 27548 --- [RMI TCP Connection(6)-127.0.0.1] com.zaxxer.hikari.HikariDataSource       : HikariPool-1 - Shutdown completed.
2024-04-14T20:08:53.267+02:00  INFO 26556 --- [main] c.m.t.t.TimeAppServiceApplicationTests   : Starting TimeAppServiceApplicationTests using Java 17.0.10 with PID 26556 (started by rajcs in C:\Users\rajcs\Documents\workspace-spring-tool-suite-4-4.22.0.RELEASE\TimeAppService)
2024-04-14T20:08:53.267+02:00  INFO 26556 --- [main] c.m.t.t.TimeAppServiceApplicationTests   : No active profile set, falling back to 1 default profile: "default"
2024-04-14T20:08:54.077+02:00  INFO 26556 --- [main] .s.d.r.c.RepositoryConfigurationDelegate : Bootstrapping Spring Data JPA repositories in DEFAULT mode.
2024-04-14T20:08:54.156+02:00  INFO 26556 --- [main] .s.d.r.c.RepositoryConfigurationDelegate : Finished Spring Data repository scanning in 64 ms. Found 1 JPA repository interfaces.
2024-04-14T20:08:54.823+02:00  INFO 26556 --- [main] o.hibernate.jpa.internal.util.LogHelper  : HHH000204: Processing PersistenceUnitInfo [name: default]
2024-04-14T20:08:54.885+02:00  INFO 26556 --- [main] org.hibernate.Version                    : HHH000412: Hibernate ORM core version 6.1.5.Final
2024-04-14T20:08:55.058+02:00  WARN 26556 --- [main] org.hibernate.orm.deprecation            : HHH90000021: Encountered deprecated setting [javax.persistence.sharedCache.mode], use [jakarta.persistence.sharedCache.mode] instead
2024-04-14T20:08:55.233+02:00  INFO 26556 --- [main] com.zaxxer.hikari.HikariDataSource       : HikariPool-1 - Starting...
2024-04-14T20:08:55.406+02:00  INFO 26556 --- [main] com.zaxxer.hikari.pool.HikariPool        : HikariPool-1 - Added connection com.mysql.cj.jdbc.ConnectionImpl@2d47b06
2024-04-14T20:08:55.406+02:00  INFO 26556 --- [main] com.zaxxer.hikari.HikariDataSource       : HikariPool-1 - Start completed.
2024-04-14T20:08:55.423+02:00  INFO 26556 --- [main] SQL dialect                              : HHH000400: Using dialect: org.hibernate.dialect.MySQL8Dialect
2024-04-14T20:08:55.423+02:00  WARN 26556 --- [main] org.hibernate.orm.deprecation            : HHH90000026: MySQL8Dialect has been deprecated; use org.hibernate.dialect.MySQLDialect instead
2024-04-14T20:08:56.261+02:00  INFO 26556 --- [main] o.h.e.t.j.p.i.JtaPlatformInitiator       : HHH000490: Using JtaPlatform implementation: [org.hibernate.engine.transaction.jta.platform.internal.NoJtaPlatform]
2024-04-14T20:08:56.261+02:00  INFO 26556 --- [main] j.LocalContainerEntityManagerFactoryBean : Initialized JPA EntityManagerFactory for persistence unit 'default'
2024-04-14T20:08:56.911+02:00  WARN 26556 --- [main] JpaBaseConfiguration$JpaWebConfiguration : spring.jpa.open-in-view is enabled by default. Therefore, database queries may be performed during view rendering. Explicitly configure spring.jpa.open-in-view to disable this warning
2024-04-14T20:08:57.122+02:00  INFO 26556 --- [main] o.s.s.web.DefaultSecurityFilterChain     : Will secure any request with [org.springframework.security.web.session.DisableEncodeUrlFilter@53813f01, org.springframework.security.web.context.request.async.WebAsyncManagerIntegrationFilter@514c6ca0, org.springframework.security.web.context.SecurityContextHolderFilter@178617da, org.springframework.security.web.header.HeaderWriterFilter@1dc28c66, org.springframework.security.web.csrf.CsrfFilter@39a1c200, org.springframework.security.web.authentication.logout.LogoutFilter@6eff05e7, org.springframework.security.oauth2.server.resource.web.authentication.BearerTokenAuthenticationFilter@15251cc2, org.springframework.security.web.savedrequest.RequestCacheAwareFilter@74ed1d35, org.springframework.security.web.servletapi.SecurityContextHolderAwareRequestFilter@7acf07b2, org.springframework.security.web.authentication.AnonymousAuthenticationFilter@6cb2b947, org.springframework.security.web.session.SessionManagementFilter@30f54522, org.springframework.security.web.access.ExceptionTranslationFilter@2738a1fc, org.springframework.security.web.access.intercept.AuthorizationFilter@40e7aea9]
2024-04-14T20:08:57.937+02:00  INFO 26556 --- [main] c.m.t.t.TimeAppServiceApplicationTests   : Started TimeAppServiceApplicationTests in 5.003 seconds (process running for 5.904)
2024-04-14T20:08:58.128+02:00  INFO 26556 --- [main] t.c.s.AnnotationConfigContextLoaderUtils : Could not detect default configuration classes for test class [com.microservice.timesheet.TimeSheetImplTest.ITimeSheetImplTest]: ITimeSheetImplTest does not declare any static, non-private, non-final, nested classes annotated with @Configuration.
2024-04-14T20:08:58.131+02:00  INFO 26556 --- [main] .b.t.c.SpringBootTestContextBootstrapper : Found @SpringBootConfiguration com.microservice.timesheet.TimeAppServiceApplication for test class com.microservice.timesheet.TimeSheetImplTest.ITimeSheetImplTest
2024-04-14T20:08:58.335+02:00  INFO 26556 --- [SpringApplicationShutdownHook] j.LocalContainerEntityManagerFactoryBean : Closing JPA EntityManagerFactory for persistence unit 'default'
2024-04-14T20:08:58.339+02:00  INFO 26556 --- [SpringApplicationShutdownHook] com.zaxxer.hikari.HikariDataSource       : HikariPool-1 - Shutdown initiated...
2024-04-14T20:08:58.351+02:00  INFO 26556 --- [SpringApplicationShutdownHook] com.zaxxer.hikari.HikariDataSource       : HikariPool-1 - Shutdown completed.
2024-04-14T20:53:00.918+02:00  INFO 13548 --- [main] c.m.timesheet.TimeAppServiceApplication  : Starting TimeAppServiceApplication using Java 17.0.10 with PID 13548 (C:\Users\rajcs\Documents\workspace-spring-tool-suite-4-4.22.0.RELEASE\TimeAppService\target\classes started by rajcs in C:\Users\rajcs\Documents\workspace-spring-tool-suite-4-4.22.0.RELEASE\TimeAppService)
2024-04-14T20:53:00.920+02:00  INFO 13548 --- [main] c.m.timesheet.TimeAppServiceApplication  : No active profile set, falling back to 1 default profile: "default"
2024-04-14T20:53:01.628+02:00  INFO 13548 --- [main] .s.d.r.c.RepositoryConfigurationDelegate : Bootstrapping Spring Data JPA repositories in DEFAULT mode.
2024-04-14T20:53:01.677+02:00  INFO 13548 --- [main] .s.d.r.c.RepositoryConfigurationDelegate : Finished Spring Data repository scanning in 44 ms. Found 1 JPA repository interfaces.
2024-04-14T20:53:02.267+02:00  INFO 13548 --- [main] o.s.b.w.embedded.tomcat.TomcatWebServer  : Tomcat initialized with port(s): 7777 (http)
2024-04-14T20:53:02.274+02:00  INFO 13548 --- [main] o.apache.catalina.core.StandardService   : Starting service [Tomcat]
2024-04-14T20:53:02.274+02:00  INFO 13548 --- [main] o.apache.catalina.core.StandardEngine    : Starting Servlet engine: [Apache Tomcat/10.1.1]
2024-04-14T20:53:02.354+02:00  INFO 13548 --- [main] o.a.c.c.C.[Tomcat].[localhost].[/]       : Initializing Spring embedded WebApplicationContext
2024-04-14T20:53:02.354+02:00  INFO 13548 --- [main] w.s.c.ServletWebServerApplicationContext : Root WebApplicationContext: initialization completed in 1385 ms
2024-04-14T20:53:02.511+02:00  INFO 13548 --- [main] o.hibernate.jpa.internal.util.LogHelper  : HHH000204: Processing PersistenceUnitInfo [name: default]
2024-04-14T20:53:02.552+02:00  INFO 13548 --- [main] org.hibernate.Version                    : HHH000412: Hibernate ORM core version 6.1.5.Final
2024-04-14T20:53:02.659+02:00  WARN 13548 --- [main] org.hibernate.orm.deprecation            : HHH90000021: Encountered deprecated setting [javax.persistence.sharedCache.mode], use [jakarta.persistence.sharedCache.mode] instead
2024-04-14T20:53:02.743+02:00  INFO 13548 --- [main] com.zaxxer.hikari.HikariDataSource       : HikariPool-1 - Starting...
2024-04-14T20:53:02.856+02:00  INFO 13548 --- [main] com.zaxxer.hikari.pool.HikariPool        : HikariPool-1 - Added connection com.mysql.cj.jdbc.ConnectionImpl@3f80d8c
2024-04-14T20:53:02.857+02:00  INFO 13548 --- [main] com.zaxxer.hikari.HikariDataSource       : HikariPool-1 - Start completed.
2024-04-14T20:53:02.870+02:00  INFO 13548 --- [main] SQL dialect                              : HHH000400: Using dialect: org.hibernate.dialect.MySQL8Dialect
2024-04-14T20:53:02.870+02:00  WARN 13548 --- [main] org.hibernate.orm.deprecation            : HHH90000026: MySQL8Dialect has been deprecated; use org.hibernate.dialect.MySQLDialect instead
2024-04-14T20:53:03.469+02:00  INFO 13548 --- [main] o.h.e.t.j.p.i.JtaPlatformInitiator       : HHH000490: Using JtaPlatform implementation: [org.hibernate.engine.transaction.jta.platform.internal.NoJtaPlatform]
2024-04-14T20:53:03.475+02:00  INFO 13548 --- [main] j.LocalContainerEntityManagerFactoryBean : Initialized JPA EntityManagerFactory for persistence unit 'default'
2024-04-14T20:53:03.950+02:00  WARN 13548 --- [main] JpaBaseConfiguration$JpaWebConfiguration : spring.jpa.open-in-view is enabled by default. Therefore, database queries may be performed during view rendering. Explicitly configure spring.jpa.open-in-view to disable this warning
2024-04-14T20:53:04.130+02:00  INFO 13548 --- [main] o.s.s.web.DefaultSecurityFilterChain     : Will secure any request with [org.springframework.security.web.session.DisableEncodeUrlFilter@57330423, org.springframework.security.web.context.request.async.WebAsyncManagerIntegrationFilter@2257590f, org.springframework.security.web.context.SecurityContextHolderFilter@57f1fbae, org.springframework.security.web.header.HeaderWriterFilter@3652dd19, org.springframework.security.web.csrf.CsrfFilter@7f922523, org.springframework.security.web.authentication.logout.LogoutFilter@4c5ae26d, org.springframework.security.oauth2.server.resource.web.authentication.BearerTokenAuthenticationFilter@3b22bcad, org.springframework.security.web.savedrequest.RequestCacheAwareFilter@289b7efe, org.springframework.security.web.servletapi.SecurityContextHolderAwareRequestFilter@34ac72c3, org.springframework.security.web.authentication.AnonymousAuthenticationFilter@c3e5e3c, org.springframework.security.web.session.SessionManagementFilter@1ddc5857, org.springframework.security.web.access.ExceptionTranslationFilter@35fd03d9, org.springframework.security.web.access.intercept.AuthorizationFilter@22c14d10]
2024-04-14T20:53:04.671+02:00  INFO 13548 --- [main] o.s.b.w.embedded.tomcat.TomcatWebServer  : Tomcat started on port(s): 7777 (http) with context path ''
2024-04-14T20:53:04.678+02:00  INFO 13548 --- [main] c.m.timesheet.TimeAppServiceApplication  : Started TimeAppServiceApplication in 4.096 seconds (process running for 4.715)
2024-04-14T21:03:56.104+02:00  INFO 1300 --- [main] c.m.t.t.TimeAppServiceApplicationTests   : Starting TimeAppServiceApplicationTests using Java 17.0.10 with PID 1300 (started by rajcs in C:\Users\rajcs\Documents\workspace-spring-tool-suite-4-4.22.0.RELEASE\TimeAppService)
2024-04-14T21:03:56.106+02:00  INFO 1300 --- [main] c.m.t.t.TimeAppServiceApplicationTests   : No active profile set, falling back to 1 default profile: "default"
2024-04-14T21:03:56.980+02:00  INFO 1300 --- [main] .s.d.r.c.RepositoryConfigurationDelegate : Bootstrapping Spring Data JPA repositories in DEFAULT mode.
2024-04-14T21:03:57.054+02:00  INFO 1300 --- [main] .s.d.r.c.RepositoryConfigurationDelegate : Finished Spring Data repository scanning in 56 ms. Found 1 JPA repository interfaces.
2024-04-14T21:03:57.857+02:00  INFO 1300 --- [main] o.hibernate.jpa.internal.util.LogHelper  : HHH000204: Processing PersistenceUnitInfo [name: default]
2024-04-14T21:03:57.922+02:00  INFO 1300 --- [main] org.hibernate.Version                    : HHH000412: Hibernate ORM core version 6.1.5.Final
2024-04-14T21:03:58.118+02:00  WARN 1300 --- [main] org.hibernate.orm.deprecation            : HHH90000021: Encountered deprecated setting [javax.persistence.sharedCache.mode], use [jakarta.persistence.sharedCache.mode] instead
2024-04-14T21:03:58.290+02:00  INFO 1300 --- [main] com.zaxxer.hikari.HikariDataSource       : HikariPool-1 - Starting...
2024-04-14T21:03:58.475+02:00  INFO 1300 --- [main] com.zaxxer.hikari.pool.HikariPool        : HikariPool-1 - Added connection com.mysql.cj.jdbc.ConnectionImpl@126a9a3d
2024-04-14T21:03:58.477+02:00  INFO 1300 --- [main] com.zaxxer.hikari.HikariDataSource       : HikariPool-1 - Start completed.
2024-04-14T21:03:58.492+02:00  INFO 1300 --- [main] SQL dialect                              : HHH000400: Using dialect: org.hibernate.dialect.MySQL8Dialect
2024-04-14T21:03:58.492+02:00  WARN 1300 --- [main] org.hibernate.orm.deprecation            : HHH90000026: MySQL8Dialect has been deprecated; use org.hibernate.dialect.MySQLDialect instead
2024-04-14T21:03:59.210+02:00  INFO 1300 --- [main] o.h.e.t.j.p.i.JtaPlatformInitiator       : HHH000490: Using JtaPlatform implementation: [org.hibernate.engine.transaction.jta.platform.internal.NoJtaPlatform]
2024-04-14T21:03:59.217+02:00  INFO 1300 --- [main] j.LocalContainerEntityManagerFactoryBean : Initialized JPA EntityManagerFactory for persistence unit 'default'
2024-04-14T21:04:00.053+02:00  WARN 1300 --- [main] JpaBaseConfiguration$JpaWebConfiguration : spring.jpa.open-in-view is enabled by default. Therefore, database queries may be performed during view rendering. Explicitly configure spring.jpa.open-in-view to disable this warning
2024-04-14T21:04:00.323+02:00  INFO 1300 --- [main] o.s.s.web.DefaultSecurityFilterChain     : Will secure any request with [org.springframework.security.web.session.DisableEncodeUrlFilter@1eb207c3, org.springframework.security.web.context.request.async.WebAsyncManagerIntegrationFilter@29f86630, org.springframework.security.web.context.SecurityContextHolderFilter@18174bd9, org.springframework.security.web.header.HeaderWriterFilter@2e9f5499, org.springframework.security.web.csrf.CsrfFilter@6731b6bd, org.springframework.security.web.authentication.logout.LogoutFilter@4110ffe5, org.springframework.security.oauth2.server.resource.web.authentication.BearerTokenAuthenticationFilter@85fd4b, org.springframework.security.web.savedrequest.RequestCacheAwareFilter@18711946, org.springframework.security.web.servletapi.SecurityContextHolderAwareRequestFilter@2b8b5d9e, org.springframework.security.web.authentication.AnonymousAuthenticationFilter@6b8a9e1, org.springframework.security.web.session.SessionManagementFilter@10264cb0, org.springframework.security.web.access.ExceptionTranslationFilter@3bf4b018, org.springframework.security.web.access.intercept.AuthorizationFilter@6b3d3e57]
2024-04-14T21:04:01.319+02:00  INFO 1300 --- [main] c.m.t.t.TimeAppServiceApplicationTests   : Started TimeAppServiceApplicationTests in 5.523 seconds (process running for 6.497)
2024-04-14T21:04:01.577+02:00  INFO 1300 --- [main] t.c.s.AnnotationConfigContextLoaderUtils : Could not detect default configuration classes for test class [com.microservice.timesheet.TimeSheetImplTest.ITimeSheetImplTest]: ITimeSheetImplTest does not declare any static, non-private, non-final, nested classes annotated with @Configuration.
2024-04-14T21:04:01.592+02:00  INFO 1300 --- [main] .b.t.c.SpringBootTestContextBootstrapper : Found @SpringBootConfiguration com.microservice.timesheet.TimeAppServiceApplication for test class com.microservice.timesheet.TimeSheetImplTest.ITimeSheetImplTest
2024-04-14T21:04:01.839+02:00  INFO 1300 --- [SpringApplicationShutdownHook] j.LocalContainerEntityManagerFactoryBean : Closing JPA EntityManagerFactory for persistence unit 'default'
2024-04-14T21:04:01.842+02:00  INFO 1300 --- [SpringApplicationShutdownHook] com.zaxxer.hikari.HikariDataSource       : HikariPool-1 - Shutdown initiated...
2024-04-14T21:04:01.854+02:00  INFO 1300 --- [SpringApplicationShutdownHook] com.zaxxer.hikari.HikariDataSource       : HikariPool-1 - Shutdown completed.
2024-04-14T21:21:49.305+02:00  INFO 17044 --- [main] c.m.t.t.TimeAppServiceApplicationTests   : Starting TimeAppServiceApplicationTests using Java 17.0.10 with PID 17044 (started by rajcs in C:\Users\rajcs\Documents\workspace-spring-tool-suite-4-4.22.0.RELEASE\TimeAppService)
2024-04-14T21:21:49.305+02:00  INFO 17044 --- [main] c.m.t.t.TimeAppServiceApplicationTests   : No active profile set, falling back to 1 default profile: "default"
2024-04-14T21:21:50.168+02:00  INFO 17044 --- [main] .s.d.r.c.RepositoryConfigurationDelegate : Bootstrapping Spring Data JPA repositories in DEFAULT mode.
2024-04-14T21:21:50.246+02:00  INFO 17044 --- [main] .s.d.r.c.RepositoryConfigurationDelegate : Finished Spring Data repository scanning in 55 ms. Found 1 JPA repository interfaces.
2024-04-14T21:21:50.967+02:00  INFO 17044 --- [main] o.hibernate.jpa.internal.util.LogHelper  : HHH000204: Processing PersistenceUnitInfo [name: default]
2024-04-14T21:21:51.030+02:00  INFO 17044 --- [main] org.hibernate.Version                    : HHH000412: Hibernate ORM core version 6.1.5.Final
2024-04-14T21:21:51.281+02:00  WARN 17044 --- [main] org.hibernate.orm.deprecation            : HHH90000021: Encountered deprecated setting [javax.persistence.sharedCache.mode], use [jakarta.persistence.sharedCache.mode] instead
2024-04-14T21:21:51.438+02:00  INFO 17044 --- [main] com.zaxxer.hikari.HikariDataSource       : HikariPool-1 - Starting...
2024-04-14T21:21:51.595+02:00  INFO 17044 --- [main] com.zaxxer.hikari.pool.HikariPool        : HikariPool-1 - Added connection com.mysql.cj.jdbc.ConnectionImpl@213012a0
2024-04-14T21:21:51.595+02:00  INFO 17044 --- [main] com.zaxxer.hikari.HikariDataSource       : HikariPool-1 - Start completed.
2024-04-14T21:21:51.610+02:00  INFO 17044 --- [main] SQL dialect                              : HHH000400: Using dialect: org.hibernate.dialect.MySQL8Dialect
2024-04-14T21:21:51.610+02:00  WARN 17044 --- [main] org.hibernate.orm.deprecation            : HHH90000026: MySQL8Dialect has been deprecated; use org.hibernate.dialect.MySQLDialect instead
2024-04-14T21:21:52.336+02:00  INFO 17044 --- [main] o.h.e.t.j.p.i.JtaPlatformInitiator       : HHH000490: Using JtaPlatform implementation: [org.hibernate.engine.transaction.jta.platform.internal.NoJtaPlatform]
2024-04-14T21:21:52.352+02:00  INFO 17044 --- [main] j.LocalContainerEntityManagerFactoryBean : Initialized JPA EntityManagerFactory for persistence unit 'default'
2024-04-14T21:21:53.246+02:00  WARN 17044 --- [main] JpaBaseConfiguration$JpaWebConfiguration : spring.jpa.open-in-view is enabled by default. Therefore, database queries may be performed during view rendering. Explicitly configure spring.jpa.open-in-view to disable this warning
2024-04-14T21:21:53.529+02:00  INFO 17044 --- [main] o.s.s.web.DefaultSecurityFilterChain     : Will secure any request with [org.springframework.security.web.session.DisableEncodeUrlFilter@28d728f1, org.springframework.security.web.context.request.async.WebAsyncManagerIntegrationFilter@51d6c42d, org.springframework.security.web.context.SecurityContextHolderFilter@54fbaa65, org.springframework.security.web.header.HeaderWriterFilter@27a23d87, org.springframework.security.web.csrf.CsrfFilter@2c5b4b91, org.springframework.security.web.authentication.logout.LogoutFilter@31428f76, org.springframework.security.oauth2.server.resource.web.authentication.BearerTokenAuthenticationFilter@40ef385f, org.springframework.security.web.savedrequest.RequestCacheAwareFilter@4a937d43, org.springframework.security.web.servletapi.SecurityContextHolderAwareRequestFilter@10264cb0, org.springframework.security.web.authentication.AnonymousAuthenticationFilter@68423388, org.springframework.security.web.session.SessionManagementFilter@74ed1d35, org.springframework.security.web.access.ExceptionTranslationFilter@7a25f8ee, org.springframework.security.web.access.intercept.AuthorizationFilter@5e405eaf]
2024-04-14T21:21:54.470+02:00  INFO 17044 --- [main] c.m.t.t.TimeAppServiceApplicationTests   : Started TimeAppServiceApplicationTests in 5.46 seconds (process running for 6.343)
2024-04-14T21:21:54.722+02:00  INFO 17044 --- [main] t.c.s.AnnotationConfigContextLoaderUtils : Could not detect default configuration classes for test class [com.microservice.timesheet.TimeSheetImplTest.ITimeSheetImplTest]: ITimeSheetImplTest does not declare any static, non-private, non-final, nested classes annotated with @Configuration.
2024-04-14T21:21:54.738+02:00  INFO 17044 --- [main] .b.t.c.SpringBootTestContextBootstrapper : Found @SpringBootConfiguration com.microservice.timesheet.TimeAppServiceApplication for test class com.microservice.timesheet.TimeSheetImplTest.ITimeSheetImplTest
2024-04-14T21:21:54.973+02:00  INFO 17044 --- [SpringApplicationShutdownHook] j.LocalContainerEntityManagerFactoryBean : Closing JPA EntityManagerFactory for persistence unit 'default'
2024-04-14T21:21:54.973+02:00  INFO 17044 --- [SpringApplicationShutdownHook] com.zaxxer.hikari.HikariDataSource       : HikariPool-1 - Shutdown initiated...
2024-04-14T21:21:54.989+02:00  INFO 17044 --- [SpringApplicationShutdownHook] com.zaxxer.hikari.HikariDataSource       : HikariPool-1 - Shutdown completed.
2024-04-14T21:23:02.404+02:00  INFO 29264 --- [main] c.m.t.t.TimeAppServiceApplicationTests   : Starting TimeAppServiceApplicationTests using Java 17.0.10 with PID 29264 (started by rajcs in C:\Users\rajcs\Documents\workspace-spring-tool-suite-4-4.22.0.RELEASE\TimeAppService)
2024-04-14T21:23:02.404+02:00  INFO 29264 --- [main] c.m.t.t.TimeAppServiceApplicationTests   : No active profile set, falling back to 1 default profile: "default"
2024-04-14T21:23:03.515+02:00  INFO 29264 --- [main] .s.d.r.c.RepositoryConfigurationDelegate : Bootstrapping Spring Data JPA repositories in DEFAULT mode.
2024-04-14T21:23:03.610+02:00  INFO 29264 --- [main] .s.d.r.c.RepositoryConfigurationDelegate : Finished Spring Data repository scanning in 64 ms. Found 1 JPA repository interfaces.
2024-04-14T21:23:04.521+02:00  INFO 29264 --- [main] o.hibernate.jpa.internal.util.LogHelper  : HHH000204: Processing PersistenceUnitInfo [name: default]
2024-04-14T21:23:04.600+02:00  INFO 29264 --- [main] org.hibernate.Version                    : HHH000412: Hibernate ORM core version 6.1.5.Final
2024-04-14T21:23:04.851+02:00  WARN 29264 --- [main] org.hibernate.orm.deprecation            : HHH90000021: Encountered deprecated setting [javax.persistence.sharedCache.mode], use [jakarta.persistence.sharedCache.mode] instead
2024-04-14T21:23:05.049+02:00  INFO 29264 --- [main] com.zaxxer.hikari.HikariDataSource       : HikariPool-1 - Starting...
2024-04-14T21:23:05.261+02:00  INFO 29264 --- [main] com.zaxxer.hikari.pool.HikariPool        : HikariPool-1 - Added connection com.mysql.cj.jdbc.ConnectionImpl@63e70bf9
2024-04-14T21:23:05.261+02:00  INFO 29264 --- [main] com.zaxxer.hikari.HikariDataSource       : HikariPool-1 - Start completed.
2024-04-14T21:23:05.283+02:00  INFO 29264 --- [main] SQL dialect                              : HHH000400: Using dialect: org.hibernate.dialect.MySQL8Dialect
2024-04-14T21:23:05.283+02:00  WARN 29264 --- [main] org.hibernate.orm.deprecation            : HHH90000026: MySQL8Dialect has been deprecated; use org.hibernate.dialect.MySQLDialect instead
2024-04-14T21:23:05.952+02:00  INFO 29264 --- [main] o.h.e.t.j.p.i.JtaPlatformInitiator       : HHH000490: Using JtaPlatform implementation: [org.hibernate.engine.transaction.jta.platform.internal.NoJtaPlatform]
2024-04-14T21:23:05.968+02:00  INFO 29264 --- [main] j.LocalContainerEntityManagerFactoryBean : Initialized JPA EntityManagerFactory for persistence unit 'default'
2024-04-14T21:23:06.784+02:00  WARN 29264 --- [main] JpaBaseConfiguration$JpaWebConfiguration : spring.jpa.open-in-view is enabled by default. Therefore, database queries may be performed during view rendering. Explicitly configure spring.jpa.open-in-view to disable this warning
2024-04-14T21:23:07.082+02:00  INFO 29264 --- [main] o.s.s.web.DefaultSecurityFilterChain     : Will secure any request with [org.springframework.security.web.session.DisableEncodeUrlFilter@737ae41a, org.springframework.security.web.context.request.async.WebAsyncManagerIntegrationFilter@7a05cdc8, org.springframework.security.web.context.SecurityContextHolderFilter@31428f76, org.springframework.security.web.header.HeaderWriterFilter@69e23e94, org.springframework.security.web.csrf.CsrfFilter@61c11339, org.springframework.security.web.authentication.logout.LogoutFilter@6b8a9e1, org.springframework.security.oauth2.server.resource.web.authentication.BearerTokenAuthenticationFilter@528ef230, org.springframework.security.web.savedrequest.RequestCacheAwareFilter@40e7aea9, org.springframework.security.web.servletapi.SecurityContextHolderAwareRequestFilter@63ff861e, org.springframework.security.web.authentication.AnonymousAuthenticationFilter@5f3fafca, org.springframework.security.web.session.SessionManagementFilter@62eb918, org.springframework.security.web.access.ExceptionTranslationFilter@52737c1, org.springframework.security.web.access.intercept.AuthorizationFilter@5b5e45bc]
2024-04-14T21:23:08.056+02:00  INFO 29264 --- [main] c.m.t.t.TimeAppServiceApplicationTests   : Started TimeAppServiceApplicationTests in 6.03 seconds (process running for 6.901)
2024-04-14T21:23:08.276+02:00  INFO 29264 --- [main] t.c.s.AnnotationConfigContextLoaderUtils : Could not detect default configuration classes for test class [com.microservice.timesheet.TimeSheetImplTest.ITimeSheetImplTest]: ITimeSheetImplTest does not declare any static, non-private, non-final, nested classes annotated with @Configuration.
2024-04-14T21:23:08.291+02:00  INFO 29264 --- [main] .b.t.c.SpringBootTestContextBootstrapper : Found @SpringBootConfiguration com.microservice.timesheet.TimeAppServiceApplication for test class com.microservice.timesheet.TimeSheetImplTest.ITimeSheetImplTest
2024-04-14T21:23:08.546+02:00  INFO 29264 --- [SpringApplicationShutdownHook] j.LocalContainerEntityManagerFactoryBean : Closing JPA EntityManagerFactory for persistence unit 'default'
2024-04-14T21:23:08.558+02:00  INFO 29264 --- [SpringApplicationShutdownHook] com.zaxxer.hikari.HikariDataSource       : HikariPool-1 - Shutdown initiated...
2024-04-14T21:23:08.570+02:00  INFO 29264 --- [SpringApplicationShutdownHook] com.zaxxer.hikari.HikariDataSource       : HikariPool-1 - Shutdown completed.
2024-04-14T21:23:50.897+02:00  INFO 2200 --- [main] c.m.t.t.TimeAppServiceApplicationTests   : Starting TimeAppServiceApplicationTests using Java 17.0.10 with PID 2200 (started by rajcs in C:\Users\rajcs\Documents\workspace-spring-tool-suite-4-4.22.0.RELEASE\TimeAppService)
2024-04-14T21:23:50.897+02:00  INFO 2200 --- [main] c.m.t.t.TimeAppServiceApplicationTests   : No active profile set, falling back to 1 default profile: "default"
2024-04-14T21:23:51.769+02:00  INFO 2200 --- [main] .s.d.r.c.RepositoryConfigurationDelegate : Bootstrapping Spring Data JPA repositories in DEFAULT mode.
2024-04-14T21:23:51.847+02:00  INFO 2200 --- [main] .s.d.r.c.RepositoryConfigurationDelegate : Finished Spring Data repository scanning in 51 ms. Found 1 JPA repository interfaces.
2024-04-14T21:23:52.570+02:00  INFO 2200 --- [main] o.hibernate.jpa.internal.util.LogHelper  : HHH000204: Processing PersistenceUnitInfo [name: default]
2024-04-14T21:23:52.633+02:00  INFO 2200 --- [main] org.hibernate.Version                    : HHH000412: Hibernate ORM core version 6.1.5.Final
2024-04-14T21:23:52.837+02:00  WARN 2200 --- [main] org.hibernate.orm.deprecation            : HHH90000021: Encountered deprecated setting [javax.persistence.sharedCache.mode], use [jakarta.persistence.sharedCache.mode] instead
2024-04-14T21:23:53.011+02:00  INFO 2200 --- [main] com.zaxxer.hikari.HikariDataSource       : HikariPool-1 - Starting...
2024-04-14T21:23:53.199+02:00  INFO 2200 --- [main] com.zaxxer.hikari.pool.HikariPool        : HikariPool-1 - Added connection com.mysql.cj.jdbc.ConnectionImpl@402a69f
2024-04-14T21:23:53.215+02:00  INFO 2200 --- [main] com.zaxxer.hikari.HikariDataSource       : HikariPool-1 - Start completed.
2024-04-14T21:23:53.215+02:00  INFO 2200 --- [main] SQL dialect                              : HHH000400: Using dialect: org.hibernate.dialect.MySQL8Dialect
2024-04-14T21:23:53.215+02:00  WARN 2200 --- [main] org.hibernate.orm.deprecation            : HHH90000026: MySQL8Dialect has been deprecated; use org.hibernate.dialect.MySQLDialect instead
2024-04-14T21:23:53.887+02:00  INFO 2200 --- [main] o.h.e.t.j.p.i.JtaPlatformInitiator       : HHH000490: Using JtaPlatform implementation: [org.hibernate.engine.transaction.jta.platform.internal.NoJtaPlatform]
2024-04-14T21:23:53.903+02:00  INFO 2200 --- [main] j.LocalContainerEntityManagerFactoryBean : Initialized JPA EntityManagerFactory for persistence unit 'default'
2024-04-14T21:23:54.739+02:00  WARN 2200 --- [main] JpaBaseConfiguration$JpaWebConfiguration : spring.jpa.open-in-view is enabled by default. Therefore, database queries may be performed during view rendering. Explicitly configure spring.jpa.open-in-view to disable this warning
2024-04-14T21:23:55.028+02:00  INFO 2200 --- [main] o.s.s.web.DefaultSecurityFilterChain     : Will secure any request with [org.springframework.security.web.session.DisableEncodeUrlFilter@737ae41a, org.springframework.security.web.context.request.async.WebAsyncManagerIntegrationFilter@7a05cdc8, org.springframework.security.web.context.SecurityContextHolderFilter@31428f76, org.springframework.security.web.header.HeaderWriterFilter@69e23e94, org.springframework.security.web.csrf.CsrfFilter@61c11339, org.springframework.security.web.authentication.logout.LogoutFilter@6b8a9e1, org.springframework.security.oauth2.server.resource.web.authentication.BearerTokenAuthenticationFilter@528ef230, org.springframework.security.web.savedrequest.RequestCacheAwareFilter@40e7aea9, org.springframework.security.web.servletapi.SecurityContextHolderAwareRequestFilter@63ff861e, org.springframework.security.web.authentication.AnonymousAuthenticationFilter@5f3fafca, org.springframework.security.web.session.SessionManagementFilter@62eb918, org.springframework.security.web.access.ExceptionTranslationFilter@52737c1, org.springframework.security.web.access.intercept.AuthorizationFilter@5b5e45bc]
2024-04-14T21:23:55.944+02:00  INFO 2200 --- [main] c.m.t.t.TimeAppServiceApplicationTests   : Started TimeAppServiceApplicationTests in 5.349 seconds (process running for 6.287)
2024-04-14T21:23:56.194+02:00  INFO 2200 --- [main] t.c.s.AnnotationConfigContextLoaderUtils : Could not detect default configuration classes for test class [com.microservice.timesheet.TimeSheetImplTest.ITimeSheetImplTest]: ITimeSheetImplTest does not declare any static, non-private, non-final, nested classes annotated with @Configuration.
2024-04-14T21:23:56.204+02:00  INFO 2200 --- [main] .b.t.c.SpringBootTestContextBootstrapper : Found @SpringBootConfiguration com.microservice.timesheet.TimeAppServiceApplication for test class com.microservice.timesheet.TimeSheetImplTest.ITimeSheetImplTest
2024-04-14T21:23:56.476+02:00  INFO 2200 --- [SpringApplicationShutdownHook] j.LocalContainerEntityManagerFactoryBean : Closing JPA EntityManagerFactory for persistence unit 'default'
2024-04-14T21:23:56.478+02:00  INFO 2200 --- [SpringApplicationShutdownHook] com.zaxxer.hikari.HikariDataSource       : HikariPool-1 - Shutdown initiated...
2024-04-14T21:23:56.495+02:00  INFO 2200 --- [SpringApplicationShutdownHook] com.zaxxer.hikari.HikariDataSource       : HikariPool-1 - Shutdown completed.
2024-04-14T21:26:55.474+02:00  INFO 25844 --- [main] c.m.t.t.TimeAppServiceApplicationTests   : Starting TimeAppServiceApplicationTests using Java 17.0.10 with PID 25844 (started by rajcs in C:\Users\rajcs\Documents\workspace-spring-tool-suite-4-4.22.0.RELEASE\TimeAppService)
2024-04-14T21:26:55.474+02:00  INFO 25844 --- [main] c.m.t.t.TimeAppServiceApplicationTests   : No active profile set, falling back to 1 default profile: "default"
2024-04-14T21:26:56.358+02:00  INFO 25844 --- [main] .s.d.r.c.RepositoryConfigurationDelegate : Bootstrapping Spring Data JPA repositories in DEFAULT mode.
2024-04-14T21:26:56.436+02:00  INFO 25844 --- [main] .s.d.r.c.RepositoryConfigurationDelegate : Finished Spring Data repository scanning in 62 ms. Found 1 JPA repository interfaces.
2024-04-14T21:26:57.190+02:00  INFO 25844 --- [main] o.hibernate.jpa.internal.util.LogHelper  : HHH000204: Processing PersistenceUnitInfo [name: default]
2024-04-14T21:26:57.253+02:00  INFO 25844 --- [main] org.hibernate.Version                    : HHH000412: Hibernate ORM core version 6.1.5.Final
2024-04-14T21:26:57.457+02:00  WARN 25844 --- [main] org.hibernate.orm.deprecation            : HHH90000021: Encountered deprecated setting [javax.persistence.sharedCache.mode], use [jakarta.persistence.sharedCache.mode] instead
2024-04-14T21:26:57.646+02:00  INFO 25844 --- [main] com.zaxxer.hikari.HikariDataSource       : HikariPool-1 - Starting...
2024-04-14T21:26:57.803+02:00  INFO 25844 --- [main] com.zaxxer.hikari.pool.HikariPool        : HikariPool-1 - Added connection com.mysql.cj.jdbc.ConnectionImpl@402a69f
2024-04-14T21:26:57.818+02:00  INFO 25844 --- [main] com.zaxxer.hikari.HikariDataSource       : HikariPool-1 - Start completed.
2024-04-14T21:26:57.834+02:00  INFO 25844 --- [main] SQL dialect                              : HHH000400: Using dialect: org.hibernate.dialect.MySQL8Dialect
2024-04-14T21:26:57.834+02:00  WARN 25844 --- [main] org.hibernate.orm.deprecation            : HHH90000026: MySQL8Dialect has been deprecated; use org.hibernate.dialect.MySQLDialect instead
2024-04-14T21:26:58.577+02:00  INFO 25844 --- [main] o.h.e.t.j.p.i.JtaPlatformInitiator       : HHH000490: Using JtaPlatform implementation: [org.hibernate.engine.transaction.jta.platform.internal.NoJtaPlatform]
2024-04-14T21:26:58.578+02:00  INFO 25844 --- [main] j.LocalContainerEntityManagerFactoryBean : Initialized JPA EntityManagerFactory for persistence unit 'default'
2024-04-14T21:26:59.347+02:00  WARN 25844 --- [main] JpaBaseConfiguration$JpaWebConfiguration : spring.jpa.open-in-view is enabled by default. Therefore, database queries may be performed during view rendering. Explicitly configure spring.jpa.open-in-view to disable this warning
2024-04-14T21:26:59.645+02:00  INFO 25844 --- [main] o.s.s.web.DefaultSecurityFilterChain     : Will secure any request with [org.springframework.security.web.session.DisableEncodeUrlFilter@ccea4be, org.springframework.security.web.context.request.async.WebAsyncManagerIntegrationFilter@40f931ec, org.springframework.security.web.context.SecurityContextHolderFilter@1002c49e, org.springframework.security.web.header.HeaderWriterFilter@9e092b5, org.springframework.security.web.csrf.CsrfFilter@fe337, org.springframework.security.web.authentication.logout.LogoutFilter@85fd4b, org.springframework.security.oauth2.server.resource.web.authentication.BearerTokenAuthenticationFilter@452d6fd, org.springframework.security.web.savedrequest.RequestCacheAwareFilter@21a462ce, org.springframework.security.web.servletapi.SecurityContextHolderAwareRequestFilter@37e28b20, org.springframework.security.web.authentication.AnonymousAuthenticationFilter@528ef230, org.springframework.security.web.session.SessionManagementFilter@3054cdd3, org.springframework.security.web.access.ExceptionTranslationFilter@3af6d7a7, org.springframework.security.web.access.intercept.AuthorizationFilter@28705150]
2024-04-14T21:27:00.541+02:00  INFO 25844 --- [main] c.m.t.t.TimeAppServiceApplicationTests   : Started TimeAppServiceApplicationTests in 5.415 seconds (process running for 6.255)
2024-04-14T21:27:00.808+02:00  INFO 25844 --- [main] t.c.s.AnnotationConfigContextLoaderUtils : Could not detect default configuration classes for test class [com.microservice.timesheet.TimeSheetImplTest.ITimeSheetImplTest]: ITimeSheetImplTest does not declare any static, non-private, non-final, nested classes annotated with @Configuration.
2024-04-14T21:27:00.808+02:00  INFO 25844 --- [main] .b.t.c.SpringBootTestContextBootstrapper : Found @SpringBootConfiguration com.microservice.timesheet.TimeAppServiceApplication for test class com.microservice.timesheet.TimeSheetImplTest.ITimeSheetImplTest
2024-04-14T21:27:01.075+02:00  INFO 25844 --- [SpringApplicationShutdownHook] j.LocalContainerEntityManagerFactoryBean : Closing JPA EntityManagerFactory for persistence unit 'default'
2024-04-14T21:27:01.075+02:00  INFO 25844 --- [SpringApplicationShutdownHook] com.zaxxer.hikari.HikariDataSource       : HikariPool-1 - Shutdown initiated...
2024-04-14T21:27:01.097+02:00  INFO 25844 --- [SpringApplicationShutdownHook] com.zaxxer.hikari.HikariDataSource       : HikariPool-1 - Shutdown completed.
2024-04-14T21:29:00.251+02:00  INFO 3124 --- [main] c.m.t.t.TimeAppServiceApplicationTests   : Starting TimeAppServiceApplicationTests using Java 17.0.10 with PID 3124 (started by rajcs in C:\Users\rajcs\Documents\workspace-spring-tool-suite-4-4.22.0.RELEASE\TimeAppService)
2024-04-14T21:29:00.251+02:00  INFO 3124 --- [main] c.m.t.t.TimeAppServiceApplicationTests   : No active profile set, falling back to 1 default profile: "default"
2024-04-14T21:29:01.103+02:00  INFO 3124 --- [main] .s.d.r.c.RepositoryConfigurationDelegate : Bootstrapping Spring Data JPA repositories in DEFAULT mode.
2024-04-14T21:29:01.164+02:00  INFO 3124 --- [main] .s.d.r.c.RepositoryConfigurationDelegate : Finished Spring Data repository scanning in 51 ms. Found 1 JPA repository interfaces.
2024-04-14T21:29:01.905+02:00  INFO 3124 --- [main] o.hibernate.jpa.internal.util.LogHelper  : HHH000204: Processing PersistenceUnitInfo [name: default]
2024-04-14T21:29:01.964+02:00  INFO 3124 --- [main] org.hibernate.Version                    : HHH000412: Hibernate ORM core version 6.1.5.Final
2024-04-14T21:29:02.206+02:00  WARN 3124 --- [main] org.hibernate.orm.deprecation            : HHH90000021: Encountered deprecated setting [javax.persistence.sharedCache.mode], use [jakarta.persistence.sharedCache.mode] instead
2024-04-14T21:29:02.356+02:00  INFO 3124 --- [main] com.zaxxer.hikari.HikariDataSource       : HikariPool-1 - Starting...
2024-04-14T21:29:02.545+02:00  INFO 3124 --- [main] com.zaxxer.hikari.pool.HikariPool        : HikariPool-1 - Added connection com.mysql.cj.jdbc.ConnectionImpl@402a69f
2024-04-14T21:29:02.545+02:00  INFO 3124 --- [main] com.zaxxer.hikari.HikariDataSource       : HikariPool-1 - Start completed.
2024-04-14T21:29:02.569+02:00  INFO 3124 --- [main] SQL dialect                              : HHH000400: Using dialect: org.hibernate.dialect.MySQL8Dialect
2024-04-14T21:29:02.569+02:00  WARN 3124 --- [main] org.hibernate.orm.deprecation            : HHH90000026: MySQL8Dialect has been deprecated; use org.hibernate.dialect.MySQLDialect instead
2024-04-14T21:29:03.256+02:00  INFO 3124 --- [main] o.h.e.t.j.p.i.JtaPlatformInitiator       : HHH000490: Using JtaPlatform implementation: [org.hibernate.engine.transaction.jta.platform.internal.NoJtaPlatform]
2024-04-14T21:29:03.276+02:00  INFO 3124 --- [main] j.LocalContainerEntityManagerFactoryBean : Initialized JPA EntityManagerFactory for persistence unit 'default'
2024-04-14T21:29:04.058+02:00  WARN 3124 --- [main] JpaBaseConfiguration$JpaWebConfiguration : spring.jpa.open-in-view is enabled by default. Therefore, database queries may be performed during view rendering. Explicitly configure spring.jpa.open-in-view to disable this warning
2024-04-14T21:29:04.356+02:00  INFO 3124 --- [main] o.s.s.web.DefaultSecurityFilterChain     : Will secure any request with [org.springframework.security.web.session.DisableEncodeUrlFilter@2ef812b, org.springframework.security.web.context.request.async.WebAsyncManagerIntegrationFilter@5e0602ff, org.springframework.security.web.context.SecurityContextHolderFilter@d8cece4, org.springframework.security.web.header.HeaderWriterFilter@6894436e, org.springframework.security.web.csrf.CsrfFilter@45dfb6a4, org.springframework.security.web.authentication.logout.LogoutFilter@6a3c1b56, org.springframework.security.oauth2.server.resource.web.authentication.BearerTokenAuthenticationFilter@4981b83, org.springframework.security.web.savedrequest.RequestCacheAwareFilter@2e9f5499, org.springframework.security.web.servletapi.SecurityContextHolderAwareRequestFilter@30f54522, org.springframework.security.web.authentication.AnonymousAuthenticationFilter@1a865ebf, org.springframework.security.web.session.SessionManagementFilter@72155315, org.springframework.security.web.access.ExceptionTranslationFilter@31ecd003, org.springframework.security.web.access.intercept.AuthorizationFilter@1002c49e]
2024-04-14T21:29:05.297+02:00  INFO 3124 --- [main] c.m.t.t.TimeAppServiceApplicationTests   : Started TimeAppServiceApplicationTests in 5.38 seconds (process running for 6.28)
2024-04-14T21:29:05.533+02:00  INFO 3124 --- [main] t.c.s.AnnotationConfigContextLoaderUtils : Could not detect default configuration classes for test class [com.microservice.timesheet.TimeSheetImplTest.ITimeSheetImplTest]: ITimeSheetImplTest does not declare any static, non-private, non-final, nested classes annotated with @Configuration.
2024-04-14T21:29:05.549+02:00  INFO 3124 --- [main] .b.t.c.SpringBootTestContextBootstrapper : Found @SpringBootConfiguration com.microservice.timesheet.TimeAppServiceApplication for test class com.microservice.timesheet.TimeSheetImplTest.ITimeSheetImplTest
2024-04-14T21:29:05.799+02:00  INFO 3124 --- [SpringApplicationShutdownHook] j.LocalContainerEntityManagerFactoryBean : Closing JPA EntityManagerFactory for persistence unit 'default'
2024-04-14T21:29:05.812+02:00  INFO 3124 --- [SpringApplicationShutdownHook] com.zaxxer.hikari.HikariDataSource       : HikariPool-1 - Shutdown initiated...
2024-04-14T21:29:05.818+02:00  INFO 3124 --- [SpringApplicationShutdownHook] com.zaxxer.hikari.HikariDataSource       : HikariPool-1 - Shutdown completed.
